<?xml version="1.0" encoding="UTF-8"?>
<!-- Generated by org.testng.reporters.JUnitReportReporter -->
<testsuite hostname="JEENIA" failures="0" tests="1" name="testLayer.Your_Address" time="85.421" errors="0" timestamp="2022-06-17T16:28:24 GMT-04:00" skipped="0">
  <testcase classname="testLayer.Your_Address" name="account" time="85.421"/>
  <system-out/>
</testsuite> <!-- testLayer.Your_Address -->
