<?xml version="1.0" encoding="UTF-8"?>
<!-- Generated by org.testng.reporters.JUnitReportReporter -->
<testsuite hostname="JEENIA" failures="0" tests="1" name="testLayer.Filteration" time="38.219" errors="0" timestamp="2022-06-20T21:26:03 GMT-04:00" skipped="0">
  <testcase classname="testLayer.Filteration" name="Sortingoptions" time="38.219"/>
  <system-out/>
</testsuite> <!-- testLayer.Filteration -->
